<?xml version="1.0" encoding="UTF-8"?>
<!-- Generated by org.testng.reporters.JUnitXMLReporter -->
<testsuite hostname="otywin-17" name="Payment" tests="1" failures="0" timestamp="19 Sep 2016 14:07:26 GMT" time="54.279" errors="0">
  <testcase name="@AfterTest endTest" time="0.0" classname="com.formsdirectinc.qa.app.payment.PaymentTest">
    <failure type="org.testng.TestNGException" message="
Parameter &amp;apos;flowname&amp;apos; is required by @Configuration on method endTest but has not been marked @Optional or defined
in C:\git\modular4\functional-test-scripts-coresite\payment\build\resources\test\payment\testsuites\payment.xml">
      <![CDATA[org.testng.TestNGException: 
Parameter 'flowname' is required by @Configuration on method endTest but has not been marked @Optional or defined
in C:\git\modular4\functional-test-scripts-coresite\payment\build\resources\test\payment\testsuites\payment.xml
	at java.util.concurrent.FutureTask.run(FutureTask.java:266)
	at java.util.concurrent.ThreadPoolExecutor.runWorker(ThreadPoolExecutor.java:1142)
	at java.util.concurrent.ThreadPoolExecutor$Worker.run(ThreadPoolExecutor.java:617)
	at java.lang.Thread.run(Thread.java:745)
... Removed 11 stack frames]]>
    </failure>
  </testcase> <!-- @AfterTest endTest -->
  <testcase name="paymenttest" time="49.128" classname="com.formsdirectinc.qa.app.payment.PaymentTest"/>
</testsuite> <!-- Payment -->
