<?xml version="1.0" encoding="UTF-8"?>
<!-- Generated by org.testng.reporters.JUnitXMLReporter -->
<testsuite hostname="otywin-17" name="Payment" tests="1" failures="1" timestamp="19 Sep 2016 14:03:38 GMT" time="5.754" errors="0">
  <testcase name="@AfterTest endTest" time="0.0" classname="com.formsdirectinc.qa.app.payment.PaymentTest">
    <failure type="org.testng.TestNGException" message="
Parameter &amp;apos;flowname&amp;apos; is required by @Configuration on method endTest but has not been marked @Optional or defined
in C:\git\modular4\functional-test-scripts-coresite\payment\src\test\resources\payment\testsuites\payment.xml">
      <![CDATA[org.testng.TestNGException: 
Parameter 'flowname' is required by @Configuration on method endTest but has not been marked @Optional or defined
in C:\git\modular4\functional-test-scripts-coresite\payment\src\test\resources\payment\testsuites\payment.xml
	at java.util.concurrent.FutureTask.run(Unknown Source)
	at java.util.concurrent.ThreadPoolExecutor.runWorker(Unknown Source)
	at java.util.concurrent.ThreadPoolExecutor$Worker.run(Unknown Source)
	at java.lang.Thread.run(Unknown Source)
... Removed 11 stack frames]]>
    </failure>
  </testcase> <!-- @AfterTest endTest -->
  <testcase name="paymenttest" time="0.092" classname="com.formsdirectinc.qa.app.payment.PaymentTest">
    <failure type="java.lang.RuntimeException" message="java.io.FileNotFoundException: build\resources\test\payment\forminputs.properties (The system cannot find the path specified)">
      <![CDATA[java.lang.RuntimeException: java.io.FileNotFoundException: build\resources\test\payment\forminputs.properties (The system cannot find the path specified)
	at com.formsdirectinc.qa.utils.PropertyResource.loadProperty(PropertyResource.java:31)
	at com.formsdirectinc.qa.app.payment.PaymentTest.paymenttest(PaymentTest.java:51)
	at java.util.concurrent.FutureTask.run(Unknown Source)
	at java.util.concurrent.ThreadPoolExecutor.runWorker(Unknown Source)
	at java.util.concurrent.ThreadPoolExecutor$Worker.run(Unknown Source)
	at java.lang.Thread.run(Unknown Source)
Caused by: java.io.FileNotFoundException: build\resources\test\payment\forminputs.properties (The system cannot find the path specified)
	at java.io.FileInputStream.open(Native Method)
	at java.io.FileInputStream.<init>(Unknown Source)
	at com.formsdirectinc.qa.utils.PropertyResource.loadProperty(PropertyResource.java:27)
	... 21 more
... Removed 16 stack frames]]>
    </failure>
  </testcase> <!-- paymenttest -->
</testsuite> <!-- Payment -->
