<?xml version="1.0" encoding="utf-8" ?>
<!DOCTYPE html PUBLIC "-//W3C//DTD XHTML 1.0 Strict//EN"
        "http://www.w3.org/TR/xhtml1/DTD/xhtml1-strict.dtd">
<html xmlns="http://www.w3.org/1999/xhtml" xml:lang="" lang="">
<head>
  <title>Test Results Report - i90</title>
  <meta http-equiv="Content-Type" content="text/html;charset=utf-8" />
  <meta name="description" content="TestNG unit test results." />
  <link href="reportng.css" rel="stylesheet" type="text/css" />
    <script type="text/javascript" src="reportng.js"></script>
</head>
<body>
<h1>i90</h1>
<p>
  Test duration: 54.250s
</p>



  <table class="resultsTable">
    <tr><th colspan="3" class="header failed">Failed Tests</th></tr>
          <tr>
        <td colspan="3" class="group">com.formsdirectinc.qa.EndToEndTest</td>
      </tr>
            
<tr>
  <td class="method">
          start
      </td>
  <td class="duration">
    47.352s
  </td>
  <td class="result">
        
          <i>Method arguments: </i><span class="arguments">"DUS", "https://stage.usimmigration.us/", "i90", "Flow2", "test-20-09@dcis.net", "123456", ""</span><br />
    
            <div class="testOutput">
                        &lt;br&gt;EMail ID&lt;br&gt;&lt;font color=&quot;green&quot;&gt;test-20-09@dcis.net&lt;/font&gt;<br />
                                &lt;br&gt;&lt;b&gt;Executing the test for RegistrationTest for the product i90 and flow name as Flow2 in the site USC&lt;br&gt;&lt;b&gt;<br />
                  </div>
    

        <a href="javascript:toggleElement('exception-0', 'block')" title="Click to expand/collapse"><b>java.lang.RuntimeException: java.io.FileNotFoundException: build\resources\test\payment\forminputs.properties (The system cannot find the path specified)</b></a><br />
    <div class="stackTrace" id="exception-0">
              com.formsdirectinc.qa.utils.PropertyResource.loadProperty(PropertyResource.java:31)<br />
              com.formsdirectinc.qa.app.payment.PaymentTest.paymenttest(PaymentTest.java:51)<br />
              com.formsdirectinc.qa.TestBase.executePaymentTest(TestBase.java:177)<br />
              com.formsdirectinc.qa.EndToEndTest.start(EndToEndTest.java:67)<br />
              sun.reflect.NativeMethodAccessorImpl.invoke0(Native Method)<br />
              sun.reflect.NativeMethodAccessorImpl.invoke(NativeMethodAccessorImpl.java:62)<br />
              sun.reflect.DelegatingMethodAccessorImpl.invoke(DelegatingMethodAccessorImpl.java:43)<br />
              java.lang.reflect.Method.invoke(Method.java:483)<br />
              org.testng.internal.MethodInvocationHelper.invokeMethod(MethodInvocationHelper.java:86)<br />
              org.testng.internal.Invoker.invokeMethod(Invoker.java:643)<br />
              org.testng.internal.Invoker.invokeTestMethod(Invoker.java:820)<br />
              org.testng.internal.Invoker.invokeTestMethods(Invoker.java:1128)<br />
              org.testng.internal.TestMethodWorker.invokeTestMethods(TestMethodWorker.java:129)<br />
              org.testng.internal.TestMethodWorker.run(TestMethodWorker.java:112)<br />
              org.testng.TestRunner.privateRun(TestRunner.java:782)<br />
              org.testng.TestRunner.run(TestRunner.java:632)<br />
              org.testng.SuiteRunner.runTest(SuiteRunner.java:366)<br />
              org.testng.SuiteRunner.access$000(SuiteRunner.java:39)<br />
              org.testng.SuiteRunner$SuiteWorker.run(SuiteRunner.java:400)<br />
              org.testng.internal.thread.ThreadUtil$2.call(ThreadUtil.java:64)<br />
              java.util.concurrent.FutureTask.run(FutureTask.java:266)<br />
              java.util.concurrent.ThreadPoolExecutor.runWorker(ThreadPoolExecutor.java:1142)<br />
              java.util.concurrent.ThreadPoolExecutor$Worker.run(ThreadPoolExecutor.java:617)<br />
              java.lang.Thread.run(Thread.java:745)<br />
                    <b>Caused by: </b> <a href="javascript:toggleElement('exception-1', 'block')" title="Click to expand/collapse">java.io.FileNotFoundException: build\resources\test\payment\forminputs.properties (The system cannot find the path specified)</a><br />
        <div class="stackTrace" id="exception-1">
                      java.io.FileInputStream.open(Native Method)<br />
                      java.io.FileInputStream.&lt;init&gt;(FileInputStream.java:138)<br />
                      com.formsdirectinc.qa.utils.PropertyResource.loadProperty(PropertyResource.java:27)<br />
                      com.formsdirectinc.qa.app.payment.PaymentTest.paymenttest(PaymentTest.java:51)<br />
                      com.formsdirectinc.qa.TestBase.executePaymentTest(TestBase.java:177)<br />
                      com.formsdirectinc.qa.EndToEndTest.start(EndToEndTest.java:67)<br />
                      sun.reflect.NativeMethodAccessorImpl.invoke0(Native Method)<br />
                      sun.reflect.NativeMethodAccessorImpl.invoke(NativeMethodAccessorImpl.java:62)<br />
                      sun.reflect.DelegatingMethodAccessorImpl.invoke(DelegatingMethodAccessorImpl.java:43)<br />
                      java.lang.reflect.Method.invoke(Method.java:483)<br />
                      org.testng.internal.MethodInvocationHelper.invokeMethod(MethodInvocationHelper.java:86)<br />
                      org.testng.internal.Invoker.invokeMethod(Invoker.java:643)<br />
                      org.testng.internal.Invoker.invokeTestMethod(Invoker.java:820)<br />
                      org.testng.internal.Invoker.invokeTestMethods(Invoker.java:1128)<br />
                      org.testng.internal.TestMethodWorker.invokeTestMethods(TestMethodWorker.java:129)<br />
                      org.testng.internal.TestMethodWorker.run(TestMethodWorker.java:112)<br />
                      org.testng.TestRunner.privateRun(TestRunner.java:782)<br />
                      org.testng.TestRunner.run(TestRunner.java:632)<br />
                      org.testng.SuiteRunner.runTest(SuiteRunner.java:366)<br />
                      org.testng.SuiteRunner.access$000(SuiteRunner.java:39)<br />
                      org.testng.SuiteRunner$SuiteWorker.run(SuiteRunner.java:400)<br />
                      org.testng.internal.thread.ThreadUtil$2.call(ThreadUtil.java:64)<br />
                      java.util.concurrent.FutureTask.run(FutureTask.java:266)<br />
                      java.util.concurrent.ThreadPoolExecutor.runWorker(ThreadPoolExecutor.java:1142)<br />
                      java.util.concurrent.ThreadPoolExecutor$Worker.run(ThreadPoolExecutor.java:617)<br />
                      java.lang.Thread.run(Thread.java:745)<br />
                  </div>
          </div>
      </td>
</tr>
      </table>


  
</body>
</html>
